<?xml version="1.0" encoding="utf-8"?><testsuites name="pytest tests"><testsuite name="pytest" errors="0" failures="0" skipped="0" tests="26" time="49.824" timestamp="2026-04-25T21:00:10.597415+00:00" hostname="agent-env-378ba523-72b6-4684-b9e1-20534e821f24"><testcase classname="test_rest" name="test_health" time="0.123" /><testcase classname="test_rest" name="test_root" time="0.124" /><testcase classname="test_rest" name="test_register_creates_user_with_signup_bonus" time="0.490" /><testcase classname="test_rest" name="test_register_duplicate_returns_409" time="0.434" /><testcase classname="test_rest" name="test_login_invalid_credentials" time="0.114" /><testcase classname="test_rest" name="test_login_player1" time="1.327" /><testcase classname="test_rest" name="test_me_requires_auth" time="0.101" /><testcase classname="test_rest" name="test_wallet_balance" time="0.104" /><testcase classname="test_rest" name="test_wallet_balance_unauth" time="0.172" /><testcase classname="test_rest" name="test_create_table" time="0.111" /><testcase classname="test_rest" name="test_create_table_invalid_max_players" time="0.113" /><testcase classname="test_rest" name="test_list_tables" time="0.107" /><testcase classname="test_rest" name="test_quick_join_returns_table_and_seat" time="0.137" /><testcase classname="test_rest" name="test_quick_join_idempotent_same_user" time="0.241" /><testcase classname="test_rest" name="test_get_table" time="0.226" /><testcase classname="test_rest" name="test_get_nonexistent_table" time="0.108" /><testcase classname="test_websocket" name="test_ws_rejects_missing_token" time="0.595" /><testcase classname="test_websocket" name="test_ws_rejects_bad_token" time="0.159" /><testcase classname="test_websocket" name="test_ws_rejects_user_not_seated" time="1.251" /><testcase classname="test_websocket" name="test_ws_two_players_auto_start_hand" time="1.416" /><testcase classname="test_websocket" name="test_ws_missing_state_version_rejected" time="3.940" /><testcase classname="test_websocket" name="test_ws_stale_state_version_rejected" time="4.472" /><testcase classname="test_websocket" name="test_ws_server_only_action_rejected" time="3.457" /><testcase classname="test_websocket" name="test_ws_stand_advances_turn" time="2.210" /><testcase classname="test_websocket" name="test_ws_turn_timeout_emits_auto_stand_not_fold" time="16.751" /><testcase classname="test_websocket" name="test_ws_idempotency_same_client_action_id" time="11.513" /></testsuite></testsuites>