<?xml version="1.0" encoding="utf-8"?><testsuites name="pytest tests"><testsuite name="pytest" errors="0" failures="1" skipped="0" tests="7" time="72.244" timestamp="2026-05-03T12:38:57.259242+00:00" hostname="agent-env-d550ff1b-e3ce-40f5-87b3-1a91741ca97c"><testcase classname="test_phase11_validation" name="test_f1_lobby_config_and_seat_derivation" time="0.579" /><testcase classname="test_phase11_validation" name="test_f2_two_humans_betting_r1" time="0.973" /><testcase classname="test_phase11_validation" name="test_f3_f4_f11_canonical_flow_with_bot" time="27.649" /><testcase classname="test_phase11_validation" name="test_f6_play_ten_intent_accepted" time="0.649" /><testcase classname="test_phase11_validation" name="test_f9_card_privacy" time="9.013" /><testcase classname="test_phase11_validation" name="test_f10_target100_five_seats_and_full" time="20.041"><failure message="requests.exceptions.ConnectTimeout: HTTPSConnectionPool(host='gracious-raman-3.preview.emergentagent.com', port=443): Max retries exceeded with url: /api/v2/lobby/auth (Caused by ConnectTimeoutError(&lt;HTTPSConnection(host='gracious-raman-3.preview.emergentagent.com', port=443) at 0xfef3dadda350&gt;, 'Connection to gracious-raman-3.preview.emergentagent.com timed out. (connect timeout=10)'))">/root/.venv/lib/python3.11/site-packages/urllib3/connection.py:204: in _new_conn
    sock = connection.create_connection(
/root/.venv/lib/python3.11/site-packages/urllib3/util/connection.py:85: in create_connection
    raise err
/root/.venv/lib/python3.11/site-packages/urllib3/util/connection.py:73: in create_connection
    sock.connect(sa)
E   TimeoutError: timed out

The above exception was the direct cause of the following exception:
/root/.venv/lib/python3.11/site-packages/urllib3/connectionpool.py:787: in urlopen
    response = self._make_request(
/root/.venv/lib/python3.11/site-packages/urllib3/connectionpool.py:488: in _make_request
    raise new_e
/root/.venv/lib/python3.11/site-packages/urllib3/connectionpool.py:464: in _make_request
    self._validate_conn(conn)
/root/.venv/lib/python3.11/site-packages/urllib3/connectionpool.py:1093: in _validate_conn
    conn.connect()
/root/.venv/lib/python3.11/site-packages/urllib3/connection.py:759: in connect
    self.sock = sock = self._new_conn()
                       ^^^^^^^^^^^^^^^^
/root/.venv/lib/python3.11/site-packages/urllib3/connection.py:213: in _new_conn
    raise ConnectTimeoutError(
E   urllib3.exceptions.ConnectTimeoutError: (&lt;HTTPSConnection(host='gracious-raman-3.preview.emergentagent.com', port=443) at 0xfef3dadda350&gt;, 'Connection to gracious-raman-3.preview.emergentagent.com timed out. (connect timeout=10)')

The above exception was the direct cause of the following exception:
/root/.venv/lib/python3.11/site-packages/requests/adapters.py:645: in send
    resp = conn.urlopen(
/root/.venv/lib/python3.11/site-packages/urllib3/connectionpool.py:841: in urlopen
    retries = retries.increment(
/root/.venv/lib/python3.11/site-packages/urllib3/util/retry.py:535: in increment
    raise MaxRetryError(_pool, url, reason) from reason  # type: ignore[arg-type]
    ^^^^^^^^^^^^^^^^^^^^^^^^^^^^^^^^^^^^^^^^^^^^^^^^^^^
E   urllib3.exceptions.MaxRetryError: HTTPSConnectionPool(host='gracious-raman-3.preview.emergentagent.com', port=443): Max retries exceeded with url: /api/v2/lobby/auth (Caused by ConnectTimeoutError(&lt;HTTPSConnection(host='gracious-raman-3.preview.emergentagent.com', port=443) at 0xfef3dadda350&gt;, 'Connection to gracious-raman-3.preview.emergentagent.com timed out. (connect timeout=10)'))

During handling of the above exception, another exception occurred:
test_phase11_validation.py:380: in test_f10_target100_five_seats_and_full
    creator_id, creator_tok = _auth(_mk_name("F10"))
                              ^^^^^^^^^^^^^^^^^^^^^^
test_phase11_validation.py:23: in _auth
    r = requests.post(f"{BASE_URL}/api/v2/lobby/auth",
/root/.venv/lib/python3.11/site-packages/requests/api.py:115: in post
    return request("post", url, data=data, json=json, **kwargs)
           ^^^^^^^^^^^^^^^^^^^^^^^^^^^^^^^^^^^^^^^^^^^^^^^^^^^^
/root/.venv/lib/python3.11/site-packages/requests/api.py:59: in request
    return session.request(method=method, url=url, **kwargs)
           ^^^^^^^^^^^^^^^^^^^^^^^^^^^^^^^^^^^^^^^^^^^^^^^^^
/root/.venv/lib/python3.11/site-packages/requests/sessions.py:592: in request
    resp = self.send(prep, **send_kwargs)
           ^^^^^^^^^^^^^^^^^^^^^^^^^^^^^^
/root/.venv/lib/python3.11/site-packages/requests/sessions.py:706: in send
    r = adapter.send(request, **kwargs)
        ^^^^^^^^^^^^^^^^^^^^^^^^^^^^^^^
/root/.venv/lib/python3.11/site-packages/requests/adapters.py:666: in send
    raise ConnectTimeout(e, request=request)
E   requests.exceptions.ConnectTimeout: HTTPSConnectionPool(host='gracious-raman-3.preview.emergentagent.com', port=443): Max retries exceeded with url: /api/v2/lobby/auth (Caused by ConnectTimeoutError(&lt;HTTPSConnection(host='gracious-raman-3.preview.emergentagent.com', port=443) at 0xfef3dadda350&gt;, 'Connection to gracious-raman-3.preview.emergentagent.com timed out. (connect timeout=10)'))</failure></testcase><testcase classname="test_phase11_validation" name="test_f7_disconnect_reconnect_presence" time="13.208" /></testsuite></testsuites>