<?xml version="1.0" encoding="utf-8"?><testsuites name="pytest tests"><testsuite name="pytest" errors="0" failures="3" skipped="0" tests="16" time="3.898" timestamp="2026-04-25T20:57:51.486725+00:00" hostname="agent-env-378ba523-72b6-4684-b9e1-20534e821f24"><testcase classname="test_rest" name="test_health" time="0.243" /><testcase classname="test_rest" name="test_root" time="0.140" /><testcase classname="test_rest" name="test_register_creates_user_with_signup_bonus" time="0.127"><failure message="AssertionError: {&quot;detail&quot;:[{&quot;type&quot;:&quot;value_error&quot;,&quot;loc&quot;:[&quot;body&quot;,&quot;email&quot;],&quot;msg&quot;:&quot;value is not a valid email address: The part after the @-sign is a special-use or reserved name that cannot be used with email.&quot;,&quot;input&quot;:&quot;TEST_68341332@target.test&quot;,&quot;ctx&quot;:{&quot;reason&quot;:&quot;The part after the @-sign is a special-use or reserved name that cannot be used with email.&quot;}}]}&#10;assert 422 == 200&#10; +  where 422 = &lt;Response [422]&gt;.status_code">test_rest.py:35: in test_register_creates_user_with_signup_bonus
    assert r.status_code == 200, r.text
E   AssertionError: {"detail":[{"type":"value_error","loc":["body","email"],"msg":"value is not a valid email address: The part after the @-sign is a special-use or reserved name that cannot be used with email.","input":"TEST_68341332@target.test","ctx":{"reason":"The part after the @-sign is a special-use or reserved name that cannot be used with email."}}]}
E   assert 422 == 200
E    +  where 422 = &lt;Response [422]&gt;.status_code</failure></testcase><testcase classname="test_rest" name="test_register_duplicate_returns_409" time="0.139"><failure message="assert 422 == 200&#10; +  where 422 = &lt;Response [422]&gt;.status_code">test_rest.py:51: in test_register_duplicate_returns_409
    assert r1.status_code == 200
E   assert 422 == 200
E    +  where 422 = &lt;Response [422]&gt;.status_code</failure></testcase><testcase classname="test_rest" name="test_login_invalid_credentials" time="0.128"><failure message="assert 422 == 401&#10; +  where 422 = &lt;Response [422]&gt;.status_code">test_rest.py:58: in test_login_invalid_credentials
    assert r.status_code == 401
E   assert 422 == 401
E    +  where 422 = &lt;Response [422]&gt;.status_code</failure></testcase><testcase classname="test_rest" name="test_login_player1" time="1.632" /><testcase classname="test_rest" name="test_me_requires_auth" time="0.154" /><testcase classname="test_rest" name="test_wallet_balance" time="0.116" /><testcase classname="test_rest" name="test_wallet_balance_unauth" time="0.124" /><testcase classname="test_rest" name="test_create_table" time="0.150" /><testcase classname="test_rest" name="test_create_table_invalid_max_players" time="0.114" /><testcase classname="test_rest" name="test_list_tables" time="0.104" /><testcase classname="test_rest" name="test_quick_join_returns_table_and_seat" time="0.111" /><testcase classname="test_rest" name="test_quick_join_idempotent_same_user" time="0.212" /><testcase classname="test_rest" name="test_get_table" time="0.220" /><testcase classname="test_rest" name="test_get_nonexistent_table" time="0.114" /></testsuite></testsuites>