<?xml version="1.0" encoding="utf-8"?><testsuites name="pytest tests"><testsuite name="pytest" errors="0" failures="0" skipped="0" tests="8" time="0.925" timestamp="2026-05-08T10:52:42.565630+00:00" hostname="agent-env-d550ff1b-e3ce-40f5-87b3-1a91741ca97c"><testcase classname="test_solo_table_target_2026_01" name="test_spawn_no_body_defaults_target_30" time="0.297" /><testcase classname="test_solo_table_target_2026_01" name="test_spawn_target_50" time="0.091" /><testcase classname="test_solo_table_target_2026_01" name="test_spawn_target_75_two_bots" time="0.095" /><testcase classname="test_solo_table_target_2026_01" name="test_spawn_target_100_two_bots" time="0.095" /><testcase classname="test_solo_table_target_2026_01" name="test_spawn_invalid_target_score_999" time="0.046" /><testcase classname="test_solo_table_target_2026_01" name="test_spawn_non_integer_target_score" time="0.051" /><testcase classname="test_solo_table_target_2026_01" name="test_teardown_idempotent" time="0.138" /><testcase classname="test_solo_table_target_2026_01" name="test_teardown_missing_table_id" time="0.082" /></testsuite></testsuites>