<?xml version="1.0" encoding="utf-8"?><testsuites name="pytest tests"><testsuite name="pytest" errors="0" failures="1" skipped="0" tests="10" time="52.940" timestamp="2026-04-25T20:58:27.482957+00:00" hostname="agent-env-378ba523-72b6-4684-b9e1-20534e821f24"><testcase classname="test_websocket" name="test_ws_rejects_missing_token" time="0.665" /><testcase classname="test_websocket" name="test_ws_rejects_bad_token" time="0.140" /><testcase classname="test_websocket" name="test_ws_rejects_user_not_seated" time="1.112" /><testcase classname="test_websocket" name="test_ws_two_players_auto_start_hand" time="1.400" /><testcase classname="test_websocket" name="test_ws_missing_state_version_rejected" time="3.883" /><testcase classname="test_websocket" name="test_ws_stale_state_version_rejected" time="4.495" /><testcase classname="test_websocket" name="test_ws_server_only_action_rejected" time="3.462" /><testcase classname="test_websocket" name="test_ws_stand_advances_turn" time="9.380"><failure message="assert None is not None">test_websocket.py:216: in test_ws_stand_advances_turn
    assert nxt is not None
E   assert None is not None</failure></testcase><testcase classname="test_websocket" name="test_ws_turn_timeout_emits_auto_stand_not_fold" time="16.798" /><testcase classname="test_websocket" name="test_ws_idempotency_same_client_action_id" time="11.538" /></testsuite></testsuites>